<?xml version="1.0" encoding="UTF-8"?>
<!-- Generated by org.testng.reporters.JUnitXMLReporter -->
<testsuite ignored="1" hostname="Obsquare" failures="0" tests="1" name="Default test" time="7.171" errors="0" timestamp="2023-10-12T19:23:46 UTC">
  <testcase classname="org.obsquare.TestngCourse.SelectClass" name="selectClass" time="0.812"/>
  <testcase classname="org.obsquare.TestngCourse.SelectClass" name="selectValueFromLanguageDropDown" time="0.0">
    <ignored/>
  </testcase> <!-- selectValueFromLanguageDropDown -->
</testsuite> <!-- Default test -->
