<?xml version="1.0" encoding="UTF-8"?>
<testng-results ignored="0" total="1" passed="1" failed="0" skipped="0">
  <reporter-output>
  </reporter-output>
  <suite started-at="2023-10-12T19:23:39 UTC" name="Default suite" finished-at="2023-10-12T19:23:46 UTC" duration-ms="7171">
    <groups>
    </groups>
    <test started-at="2023-10-12T19:23:39 UTC" name="Default test" finished-at="2023-10-12T19:23:46 UTC" duration-ms="7171">
      <class name="org.obsquare.TestngCourse.SelectClass">
        <test-method is-config="true" signature="InitializeBrowser()[pri:0, instance:org.obsquare.TestngCourse.SelectClass@59662a0b]" started-at="2023-10-12T19:23:39 UTC" name="InitializeBrowser" finished-at="2023-10-12T19:23:45 UTC" duration-ms="5774" status="PASS">
          <reporter-output>
          </reporter-output>
        </test-method> <!-- InitializeBrowser -->
        <test-method signature="selectClass()[pri:0, instance:org.obsquare.TestngCourse.SelectClass@59662a0b]" started-at="2023-10-12T19:23:45 UTC" name="selectClass" finished-at="2023-10-12T19:23:46 UTC" duration-ms="812" status="PASS">
          <reporter-output>
          </reporter-output>
        </test-method> <!-- selectClass -->
        <test-method is-config="true" signature="driverClose()[pri:0, instance:org.obsquare.TestngCourse.SelectClass@59662a0b]" started-at="2023-10-12T19:23:46 UTC" name="driverClose" finished-at="2023-10-12T19:23:46 UTC" duration-ms="501" status="PASS">
          <reporter-output>
          </reporter-output>
        </test-method> <!-- driverClose -->
      </class> <!-- org.obsquare.TestngCourse.SelectClass -->
    </test> <!-- Default test -->
  </suite> <!-- Default suite -->
</testng-results>
