<?xml version="1.0" encoding="UTF-8"?>
<testng-results ignored="0" total="2" passed="2" failed="0" skipped="0">
  <reporter-output>
  </reporter-output>
  <suite started-at="2023-09-25T16:28:30 UTC" name="Default suite" finished-at="2023-09-25T16:28:30 UTC" duration-ms="121">
    <groups>
    </groups>
    <test started-at="2023-09-25T16:28:30 UTC" name="Default test" finished-at="2023-09-25T16:28:30 UTC" duration-ms="121">
      <class name="org.obsquare.TestngCourse.Annotations">
        <test-method is-config="true" signature="beforeSuite()[pri:0, instance:org.obsquare.TestngCourse.Annotations@6e9175d8]" started-at="2023-09-25T16:28:30 UTC" name="beforeSuite" finished-at="2023-09-25T16:28:30 UTC" duration-ms="64" status="PASS">
          <reporter-output>
          </reporter-output>
        </test-method> <!-- beforeSuite -->
        <test-method is-config="true" signature="beforeTest()[pri:0, instance:org.obsquare.TestngCourse.Annotations@6e9175d8]" started-at="2023-09-25T16:28:30 UTC" name="beforeTest" finished-at="2023-09-25T16:28:30 UTC" duration-ms="1" status="PASS">
          <reporter-output>
          </reporter-output>
        </test-method> <!-- beforeTest -->
        <test-method is-config="true" signature="beforeClass()[pri:0, instance:org.obsquare.TestngCourse.Annotations@6e9175d8]" started-at="2023-09-25T16:28:30 UTC" name="beforeClass" finished-at="2023-09-25T16:28:30 UTC" duration-ms="4" status="PASS">
          <reporter-output>
          </reporter-output>
        </test-method> <!-- beforeClass -->
        <test-method is-config="true" signature="beforeMethod()[pri:0, instance:org.obsquare.TestngCourse.Annotations@6e9175d8]" started-at="2023-09-25T16:28:30 UTC" name="beforeMethod" finished-at="2023-09-25T16:28:30 UTC" duration-ms="1" status="PASS">
          <reporter-output>
          </reporter-output>
        </test-method> <!-- beforeMethod -->
        <test-method signature="testCase1()[pri:0, instance:org.obsquare.TestngCourse.Annotations@6e9175d8]" started-at="2023-09-25T16:28:30 UTC" name="testCase1" finished-at="2023-09-25T16:28:30 UTC" duration-ms="14" status="PASS">
          <reporter-output>
          </reporter-output>
        </test-method> <!-- testCase1 -->
        <test-method is-config="true" signature="afterMethod()[pri:0, instance:org.obsquare.TestngCourse.Annotations@6e9175d8]" started-at="2023-09-25T16:28:30 UTC" name="afterMethod" finished-at="2023-09-25T16:28:30 UTC" duration-ms="1" status="PASS">
          <reporter-output>
          </reporter-output>
        </test-method> <!-- afterMethod -->
        <test-method signature="testCase2()[pri:0, instance:org.obsquare.TestngCourse.Annotations@6e9175d8]" started-at="2023-09-25T16:28:30 UTC" name="testCase2" finished-at="2023-09-25T16:28:30 UTC" duration-ms="3" status="PASS">
          <reporter-output>
          </reporter-output>
        </test-method> <!-- testCase2 -->
        <test-method is-config="true" signature="beforeMethod()[pri:0, instance:org.obsquare.TestngCourse.Annotations@6e9175d8]" started-at="2023-09-25T16:28:30 UTC" name="beforeMethod" finished-at="2023-09-25T16:28:30 UTC" duration-ms="0" status="PASS">
          <reporter-output>
          </reporter-output>
        </test-method> <!-- beforeMethod -->
        <test-method is-config="true" signature="afterMethod()[pri:0, instance:org.obsquare.TestngCourse.Annotations@6e9175d8]" started-at="2023-09-25T16:28:30 UTC" name="afterMethod" finished-at="2023-09-25T16:28:30 UTC" duration-ms="1" status="PASS">
          <reporter-output>
          </reporter-output>
        </test-method> <!-- afterMethod -->
        <test-method is-config="true" signature="afterClass()[pri:0, instance:org.obsquare.TestngCourse.Annotations@6e9175d8]" started-at="2023-09-25T16:28:30 UTC" name="afterClass" finished-at="2023-09-25T16:28:30 UTC" duration-ms="1" status="PASS">
          <reporter-output>
          </reporter-output>
        </test-method> <!-- afterClass -->
        <test-method is-config="true" signature="afterTest()[pri:0, instance:org.obsquare.TestngCourse.Annotations@6e9175d8]" started-at="2023-09-25T16:28:30 UTC" name="afterTest" finished-at="2023-09-25T16:28:30 UTC" duration-ms="1" status="PASS">
          <reporter-output>
          </reporter-output>
        </test-method> <!-- afterTest -->
        <test-method is-config="true" signature="afterSuite()[pri:0, instance:org.obsquare.TestngCourse.Annotations@6e9175d8]" started-at="2023-09-25T16:28:30 UTC" name="afterSuite" finished-at="2023-09-25T16:28:30 UTC" duration-ms="1" status="PASS">
          <reporter-output>
          </reporter-output>
        </test-method> <!-- afterSuite -->
      </class> <!-- org.obsquare.TestngCourse.Annotations -->
    </test> <!-- Default test -->
  </suite> <!-- Default suite -->
</testng-results>
